#
# There is insufficient memory for the Java Runtime Environment to continue.
# Native memory allocation (mmap) failed to map 266338304 bytes. Error detail: G1 virtual space
# Possible reasons:
#   The system is out of physical RAM or swap space
#   This process is running with CompressedOops enabled, and the Java Heap may be blocking the growth of the native heap
# Possible solutions:
#   Reduce memory load on the system
#   Increase physical memory or swap space
#   Check if swap backing store is full
#   Decrease Java heap size (-Xmx/-Xms)
#   Decrease number of Java threads
#   Decrease Java thread stack sizes (-Xss)
#   Set larger code cache with -XX:ReservedCodeCacheSize=
#   JVM is running with Zero Based Compressed Oops mode in which the Java heap is
#     placed in the first 32GB address space. The Java Heap base address is the
#     maximum limit for the native heap growth. Please use -XX:HeapBaseMinAddress
#     to set the Java Heap base and to place the Java Heap above 32GB virtual address.
# This output file may be truncated or incomplete.
#
#  Out of Memory Error (os_windows.cpp:3564), pid=21380, tid=31040
#
# JRE version:  (24.0.1+9) (build )
# Java VM: Java HotSpot(TM) 64-Bit Server VM (24.0.1+9-30, mixed mode, sharing, tiered, compressed oops, compressed class ptrs, g1 gc, windows-amd64)
# No core dump will be written. Minidumps are not enabled by default on client versions of Windows
#

---------------  S U M M A R Y ------------

Command Line: 

Host: 11th Gen Intel(R) Core(TM) i5-11400H @ 2.70GHz, 12 cores, 15G,  Windows 11 , 64 bit Build 26100 (10.0.26100.7705)
Time: Mon Feb  9 22:47:59 2026 India Standard Time elapsed time: 0.013835 seconds (0d 0h 0m 0s)

---------------  T H R E A D  ---------------

Current thread (0x000002655d48f460):  JavaThread "Unknown thread" [_thread_in_vm, id=31040, stack(0x00000079faa00000,0x00000079fab00000) (1024K)]

Stack: [0x00000079faa00000,0x00000079fab00000]
Native frames: (J=compiled Java code, j=interpreted, Vv=VM code, C=native code)
V  [jvm.dll+0x730739]  (no source info available)
V  [jvm.dll+0x8d9b23]  (no source info available)
V  [jvm.dll+0x8dc00d]  (no source info available)
V  [jvm.dll+0x8dc683]  (no source info available)
V  [jvm.dll+0x2aa086]  (no source info available)
V  [jvm.dll+0x72cc65]  (no source info available)
V  [jvm.dll+0x72059a]  (no source info available)
V  [jvm.dll+0x390cea]  (no source info available)
V  [jvm.dll+0x3989f6]  (no source info available)
V  [jvm.dll+0x38523e]  (no source info available)
V  [jvm.dll+0x3854f8]  (no source info available)
V  [jvm.dll+0x35d0cc]  (no source info available)
V  [jvm.dll+0x35dd8d]  (no source info available)
V  [jvm.dll+0x89d28f]  (no source info available)
V  [jvm.dll+0x3f985d]  (no source info available)
V  [jvm.dll+0x8858e6]  (no source info available)
V  [jvm.dll+0x495f3e]  (no source info available)
V  [jvm.dll+0x497d11]  (no source info available)
C  [jli.dll+0x52a1]  (no source info available)
C  [ucrtbase.dll+0x37b0]  (no source info available)
C  [KERNEL32.DLL+0x2e8d7]  (no source info available)
C  [ntdll.dll+0x8c40c]  (no source info available)

Lock stack of current Java thread (top to bottom):


---------------  P R O C E S S  ---------------

Threads class SMR info:
_java_thread_list=0x00007ffccbd7f318, length=0, elements={
}

Java Threads: ( => current thread )
Total: 0

Other Threads:
  0x000002655d4f5940 WorkerThread "GC Thread#0"                     [id=31728, stack(0x00000079fab00000,0x00000079fac00000) (1024K)]
  0x000002655d50d450 ConcurrentGCThread "G1 Main Marker"            [id=15992, stack(0x00000079fac00000,0x00000079fad00000) (1024K)]
  0x000002655d50e700 WorkerThread "G1 Conc#0"                       [id=29048, stack(0x00000079fad00000,0x00000079fae00000) (1024K)]

[error occurred during error reporting (printing all threads), id 0xc0000005, EXCEPTION_ACCESS_VIOLATION (0xc0000005) at pc=0x00007ffccb4b14ea]
VM state: not at safepoint (not fully initialized)

VM Mutex/Monitor currently owned by a thread:  ([mutex/lock_event])
[0x00007ffccbe045b0] Heap_lock - owner thread: 0x000002655d48f460

Heap address: 0x0000000703600000, size: 4042 MB, Compressed Oops mode: Zero based, Oop shift amount: 3

CDS archive(s) mapped at: [0x0000000000000000-0x0000000000000000-0x0000000000000000), size 0, SharedBaseAddress: 0x0000000800000000, ArchiveRelocationMode: 1.
UseCompressedClassPointers 1, UseCompactObjectHeaders 0
Narrow klass pointer bits 32, Max shift 3
Narrow klass base: 0xffffffffffffffff, Narrow klass shift: -1
Encoding Range: [0xffffffffffffffff - 0x000000007fffffff), (2147483648 bytes)
Klass Range:    [0x0000000000000000 - 0x0000000000000000), (0 bytes)
Klass ID Range:  [4294967295 - 0) (1)

GC Precious Log:
 CardTable entry size: 512
 Card Set container configuration: InlinePtr #cards 4 size 8 Array Of Cards #cards 16 size 48 Howl #buckets 8 coarsen threshold 3686 Howl Bitmap #cards 512 size 80 coarsen threshold 460 Card regions per heap region 1 cards per card region 4096

Heap:
 garbage-first heap   total reserved 4139008K, committed 0K, used 0K [0x0000000703600000, 0x0000000800000000)
  region size 2048K, 0 young (0K), 0 survivors (0K)

[error occurred during error reporting (printing heap information), id 0xc0000005, EXCEPTION_ACCESS_VIOLATION (0xc0000005) at pc=0x00007ffccb8ce3e9]
GC Heap History (0 events):
No events

Dll operation events (1 events):
Event: 0.010 Loaded shared library C:\Program Files\Java\jdk-24\bin\java.dll

Deoptimization events (0 events):
No events

Classes loaded (0 events):
No events

Classes unloaded (0 events):
No events

Classes redefined (0 events):
No events

Internal exceptions (0 events):
No events

VM Operations (0 events):
No events

Memory protections (0 events):
No events

Nmethod flushes (0 events):
No events

Events (0 events):
No events


Dynamic libraries:
0x00007ff7cf090000 - 0x00007ff7cf0a0000 	C:\Program Files\Java\jdk-24\bin\java.EXE
0x00007ffd918a0000 - 0x00007ffd91b08000 	C:\WINDOWS\SYSTEM32\ntdll.dll
0x00007ffd90b50000 - 0x00007ffd90c19000 	C:\WINDOWS\System32\KERNEL32.DLL
0x00007ffd8e4b0000 - 0x00007ffd8e8a1000 	C:\WINDOWS\System32\KERNELBASE.dll
0x00007ffd8e8e0000 - 0x00007ffd8ea2b000 	C:\WINDOWS\System32\ucrtbase.dll
0x00007ffccbf80000 - 0x00007ffccbf9b000 	C:\Program Files\Java\jdk-24\bin\VCRUNTIME140.dll
0x00007ffccbfa0000 - 0x00007ffccbfb6000 	C:\Program Files\Java\jdk-24\bin\jli.dll
0x00007ffd8fd90000 - 0x00007ffd8ff56000 	C:\WINDOWS\System32\USER32.dll
0x00007ffd79120000 - 0x00007ffd793b3000 	C:\WINDOWS\WinSxS\amd64_microsoft.windows.common-controls_6595b64144ccf1df_6.0.26100.7705_none_3e06597ae3363b04\COMCTL32.dll
0x00007ffd8e8b0000 - 0x00007ffd8e8d7000 	C:\WINDOWS\System32\win32u.dll
0x00007ffd90340000 - 0x00007ffd903e9000 	C:\WINDOWS\System32\msvcrt.dll
0x00007ffd91530000 - 0x00007ffd9155b000 	C:\WINDOWS\System32\GDI32.dll
0x00007ffd8e2f0000 - 0x00007ffd8e41b000 	C:\WINDOWS\System32\gdi32full.dll
0x00007ffd8e180000 - 0x00007ffd8e223000 	C:\WINDOWS\System32\msvcp_win.dll
0x00007ffd8f6c0000 - 0x00007ffd8f6f1000 	C:\WINDOWS\System32\IMM32.DLL
0x00007ffd4cc90000 - 0x00007ffd4cc9c000 	C:\Program Files\Java\jdk-24\bin\vcruntime140_1.dll
0x00007ffccbef0000 - 0x00007ffccbf7e000 	C:\Program Files\Java\jdk-24\bin\msvcp140.dll
0x00007ffccb140000 - 0x00007ffccbee2000 	C:\Program Files\Java\jdk-24\bin\server\jvm.dll
0x00007ffd901c0000 - 0x00007ffd90274000 	C:\WINDOWS\System32\ADVAPI32.dll
0x00007ffd90fb0000 - 0x00007ffd91056000 	C:\WINDOWS\System32\sechost.dll
0x00007ffd90020000 - 0x00007ffd90138000 	C:\WINDOWS\System32\RPCRT4.dll
0x00007ffd8f700000 - 0x00007ffd8f774000 	C:\WINDOWS\System32\WS2_32.dll
0x00007ffd8da70000 - 0x00007ffd8dace000 	C:\WINDOWS\SYSTEM32\POWRPROF.dll
0x00007ffd839a0000 - 0x00007ffd839d5000 	C:\WINDOWS\SYSTEM32\WINMM.dll
0x00007ffd86d30000 - 0x00007ffd86d3b000 	C:\WINDOWS\SYSTEM32\VERSION.dll
0x00007ffd8da50000 - 0x00007ffd8da64000 	C:\WINDOWS\SYSTEM32\UMPDC.dll
0x00007ffd8cf10000 - 0x00007ffd8cf2b000 	C:\WINDOWS\SYSTEM32\kernel.appcore.dll
0x00007ffd49c10000 - 0x00007ffd49c1a000 	C:\Program Files\Java\jdk-24\bin\jimage.dll
0x00007ffd8c040000 - 0x00007ffd8c282000 	C:\WINDOWS\SYSTEM32\DBGHELP.DLL
0x00007ffd90c20000 - 0x00007ffd90fa6000 	C:\WINDOWS\System32\combase.dll
0x00007ffd8f960000 - 0x00007ffd8fa37000 	C:\WINDOWS\System32\OLEAUT32.dll
0x00007ffd794c0000 - 0x00007ffd794fb000 	C:\WINDOWS\SYSTEM32\dbgcore.DLL
0x00007ffd8f590000 - 0x00007ffd8f635000 	C:\WINDOWS\System32\bcryptPrimitives.dll
0x00007ffccb120000 - 0x00007ffccb13e000 	C:\Program Files\Java\jdk-24\bin\java.dll
0x00007ffd8faa0000 - 0x00007ffd8fc37000 	C:\WINDOWS\System32\ole32.dll
0x00007ffd903f0000 - 0x00007ffd90b41000 	C:\WINDOWS\System32\SHELL32.dll
0x00007ffd8ea30000 - 0x00007ffd8eb9a000 	C:\WINDOWS\System32\wintypes.dll

JVMTI agents: none

dbghelp: loaded successfully - version: 4.0.5 - missing functions: none
symbol engine: initialized successfully - sym options: 0x614 - pdb path: .;C:\Program Files\Java\jdk-24\bin;C:\WINDOWS\SYSTEM32;C:\WINDOWS\WinSxS\amd64_microsoft.windows.common-controls_6595b64144ccf1df_6.0.26100.7705_none_3e06597ae3363b04;C:\Program Files\Java\jdk-24\bin\server

VM Arguments:
java_command: <unknown>
java_class_path (initial): <not set>
Launcher Type: SUN_STANDARD

[Global flags]
     intx CICompilerCount                          = 4                                         {product} {ergonomic}
     uint ConcGCThreads                            = 3                                         {product} {ergonomic}
     uint G1ConcRefinementThreads                  = 10                                        {product} {ergonomic}
   size_t G1HeapRegionSize                         = 2097152                                   {product} {ergonomic}
   size_t InitialHeapSize                          = 266338304                                 {product} {ergonomic}
   size_t MarkStackSize                            = 4194304                                   {product} {ergonomic}
   size_t MarkStackSizeMax                         = 536870912                                 {product} {ergonomic}
   size_t MaxHeapSize                              = 4238344192                                {product} {ergonomic}
   size_t MinHeapDeltaBytes                        = 2097152                                   {product} {ergonomic}
   size_t MinHeapSize                              = 8388608                                   {product} {ergonomic}
    uintx NonNMethodCodeHeapSize                   = 5832704                                {pd product} {ergonomic}
    uintx NonProfiledCodeHeapSize                  = 122945536                              {pd product} {ergonomic}
    uintx ProfiledCodeHeapSize                     = 122880000                              {pd product} {ergonomic}
    uintx ReservedCodeCacheSize                    = 251658240                              {pd product} {ergonomic}
     bool SegmentedCodeCache                       = true                                      {product} {ergonomic}
   size_t SoftMaxHeapSize                          = 4238344192                             {manageable} {ergonomic}
     bool UseCompressedOops                        = true                           {product lp64_product} {ergonomic}
     bool UseG1GC                                  = true                                      {product} {ergonomic}
     bool UseLargePagesIndividualAllocation        = false                                  {pd product} {ergonomic}

Logging:
Log output configuration:
 #0: stdout all=warning uptime,level,tags foldmultilines=false
 #1: stderr all=off uptime,level,tags foldmultilines=false

Environment Variables:
PATH=C:\Program Files\PowerShell\7;C:\Users\JOHN PAUL\AppData\Local\Programs\Python\Python313\Scripts\;C:\Users\JOHN PAUL\AppData\Local\Programs\Python\Python313\;C:\Program Files\Common Files\Oracle\Java\javapath;C:\Windows\system32;C:\Windows;C:\Windows\System32\Wbem;C:\Windows\System32\WindowsPowerShell\v1.0\;C:\Windows\System32\OpenSSH\;C:\Program Files (x86)\NVIDIA Corporation\PhysX\Common;C:\WINDOWS\system32;C:\WINDOWS;C:\WINDOWS\System32\Wbem;C:\WINDOWS\System32\WindowsPowerShell\v1.0\;C:\WINDOWS\System32\OpenSSH\;C:\Program Files\Microsoft SQL Server\120\Tools\Binn\;C:\python\Scripts;C:\python\;C:\Program Files\Java\jdk-11.0.1\bin;C:\ProgramData\chocolatey\bin;C:\Users\JOHN PAUL\Downloads\terraform_1.9.5_windows_amd64;D:\Terrafrom;C:\Program Files\Microsoft SQL Server\150\Tools\Binn\;C:\Program Files\NVIDIA Corporation\NVIDIA app\NvDLISR;C:\Program Files\Docker\Docker\resources\bin;C:\Program Files\MySQL\MySQL Server 8.0\bin;C:\Program Files\Git\cmd;C:\Program Files\Go\bin;C:\Program Files\nodejs\;C:\Program Files\PowerShell\7-preview\preview;C:\poppler\Library\bin;C:\poppler\Library\bin\pdftoppm.exe;C:\Users\JOHN PAUL\Downloads\Release-25.07.0-0 (1)\poppler-25.07.0\Library\bin;C:\Program Files\PowerShell\7\;c:\Users\JOHN PAUL\AppData\Local\Programs\cursor\resources\app\bin;C:\Program Files\MySQL\MySQL Shell 8.0\bin\;C:\Users\JOHN PAUL\AppData\Local\Microsoft\WindowsApps;C:\Users\JOHN PAUL\.dotnet\tools;C:\Program Files\JetBrains\PyCharm Community Edition 2022.2.2\bin;C:\Users\JOHN PAUL\AppData\Local\Programs\Python\Python39\Scripts\;C:\Users\JOHN PAUL\AppData\Local\Programs\Python\Python39\;C:\python\Scripts;C:\python\;C:\Users\JOHN PAUL\AppData\Roaming\LINKS\bin;C:\Program Files\sf\bin;C:\Users\JOHN PAUL\sfdx\bin;cd C:\Users\JOHN PAUL\Downloads\Loan approval\login and registration form\login and registration form\templates;C:\Users\JOHN PAUL\AppData\Local\Microsoft\WindowsApps;C:\Users\JOHN PAUL\AppData\Local\Programs\Microsoft VS Code\bin;C:\Program Files\MongoDB\mongosh\bin;C:\Program Files\MongoDB\mongosh\bin;C:\Users\JOHN PAUL\AppData\Local\Programs\mongosh\;C:\Users\JOHN PAUL\go\bin;C:\Users\JOHN PAUL\AppData\Local\Programs\cursor\resources\app\bin;C:\Users\JOHN PAUL\AppData\Roaming\npm;C:\Users\JOHN PAUL\AppData\Local\Programs\Antigravity\bin;D:\Kiro\bin;c:\Users\JOHN PAUL\.antigravity\extensions\ms-python.debugpy-2025.18.0-win32-x64\bundled\scripts\noConfigScripts
USERNAME=JOHN PAUL
LANG=en_US.UTF-8
OS=Windows_NT
PROCESSOR_IDENTIFIER=Intel64 Family 6 Model 141 Stepping 1, GenuineIntel
TMP=C:\Users\JOHNPA~1\AppData\Local\Temp
TEMP=C:\Users\JOHNPA~1\AppData\Local\Temp




Periodic native trim disabled

---------------  S Y S T E M  ---------------

OS:
 Windows 11 , 64 bit Build 26100 (10.0.26100.7705)
OS uptime: 0 days 8:09 hours
Hyper-V role detected

CPU: total 12 (initial active 12) (6 cores per cpu, 2 threads per core) family 6 model 141 stepping 1 microcode 0x50, cx8, cmov, fxsr, ht, mmx, 3dnowpref, sse, sse2, sse3, ssse3, sse4.1, sse4.2, popcnt, lzcnt, tsc, tscinvbit, avx, avx2, aes, erms, clmul, bmi1, bmi2, adx, avx512f, avx512dq, avx512cd, avx512bw, avx512vl, sha, fma, vzeroupper, avx512_vpopcntdq, avx512_vpclmulqdq, avx512_vaes, avx512_vnni, clflush, clflushopt, clwb, avx512_vbmi2, avx512_vbmi, hv, rdtscp, rdpid, fsrm, gfni, avx512_bitalg, f16c, cet_ibt, cet_ss, avx512_ifma
Processor Information for processor 0
  Max Mhz: 2688, Current Mhz: 2688, Mhz Limit: 2688
Processor Information for processor 1
  Max Mhz: 2688, Current Mhz: 2688, Mhz Limit: 2688
Processor Information for processor 2
  Max Mhz: 2688, Current Mhz: 2688, Mhz Limit: 2688
Processor Information for processor 3
  Max Mhz: 2688, Current Mhz: 2688, Mhz Limit: 2688
Processor Information for processor 4
  Max Mhz: 2688, Current Mhz: 2688, Mhz Limit: 2688
Processor Information for processor 5
  Max Mhz: 2688, Current Mhz: 995, Mhz Limit: 2688
Processor Information for processor 6
  Max Mhz: 2688, Current Mhz: 2688, Mhz Limit: 2688
Processor Information for processor 7
  Max Mhz: 2688, Current Mhz: 2688, Mhz Limit: 2688
Processor Information for processor 8
  Max Mhz: 2688, Current Mhz: 2688, Mhz Limit: 2688
Processor Information for processor 9
  Max Mhz: 2688, Current Mhz: 995, Mhz Limit: 2688
Processor Information for processor 10
  Max Mhz: 2688, Current Mhz: 995, Mhz Limit: 2688
Processor Information for processor 11
  Max Mhz: 2688, Current Mhz: 995, Mhz Limit: 2688

Memory: 4k page, system-wide physical 16167M (869M free)
TotalPageFile size 65272M (AvailPageFile size 206M)
current process WorkingSet (physical memory assigned to process): 13M, peak: 13M
current process commit charge ("private bytes"): 65M, peak: 318M

vm_info: Java HotSpot(TM) 64-Bit Server VM (24.0.1+9-30) for windows-amd64 JRE (24.0.1+9-30), built on 2025-03-05T07:23:45Z with MS VC++ 17.6 (VS2022)

END.
